2024-05-28 11:33:44 : INFO : PET.PIPT : Starting a es run with the es algorithm applying the approx update scheme with 99.0 Energy.
2024-05-28 11:33:45 : WARNING : tensorflow : 5 out of the last 5 calls to <function Model.make_predict_function.<locals>.predict_function at 0x7f9069408c10> triggered tf.function retracing. Tracing is expensive and the excessive number of tracings could be due to (1) creating @tf.function repeatedly in a loop, (2) passing tensors with different shapes, (3) passing Python objects instead of tensors. For (1), please define your @tf.function outside of the loop. For (2), @tf.function has reduce_retracing=True option that can avoid unnecessary retracing. For (3), please refer to https://www.tensorflow.org/guide/function#controlling_retracing and https://www.tensorflow.org/api_docs/python/tf/function for  more details.
2024-05-28 11:33:45 : WARNING : tensorflow : 6 out of the last 6 calls to <function Model.make_predict_function.<locals>.predict_function at 0x7f9069c6d4c0> triggered tf.function retracing. Tracing is expensive and the excessive number of tracings could be due to (1) creating @tf.function repeatedly in a loop, (2) passing tensors with different shapes, (3) passing Python objects instead of tensors. For (1), please define your @tf.function outside of the loop. For (2), @tf.function has reduce_retracing=True option that can avoid unnecessary retracing. For (3), please refer to https://www.tensorflow.org/guide/function#controlling_retracing and https://www.tensorflow.org/api_docs/python/tf/function for  more details.
2024-05-28 11:35:24 : INFO : PET.PIPT : Prior run complete with data misfit: 76.0.
2024-05-28 11:37:03 : INFO : PET.PIPT : ES update complete! Objective function decreased from 76.0 to 20.9.
2024-05-28 11:37:03 : INFO : PET.PIPT : Convergence was met. Obj. function reduced from 76.0 to 20.9
2024-05-28 11:37:09 : INFO : PET.PIPT : Starting a es run with the es algorithm applying the approx update scheme with 99.0 Energy.
2024-05-28 11:38:49 : INFO : PET.PIPT : Prior run complete with data misfit: 23.7.
2024-05-28 11:40:31 : INFO : PET.PIPT : ES update complete! Objective function decreased from 23.7 to 16.0.
2024-05-28 11:40:31 : INFO : PET.PIPT : Convergence was met. Obj. function reduced from 23.7 to 16.0
2024-05-28 11:40:37 : INFO : PET.PIPT : Starting a es run with the es algorithm applying the approx update scheme with 99.0 Energy.
2024-05-28 11:42:21 : INFO : PET.PIPT : Prior run complete with data misfit: 16.4.
2024-05-28 11:44:18 : INFO : PET.PIPT : ES update complete! Objective function decreased from 16.4 to 15.9.
2024-05-28 11:44:18 : INFO : PET.PIPT : Convergence was met. Obj. function reduced from 16.4 to 15.9
2024-05-28 11:44:24 : INFO : PET.PIPT : Starting a es run with the es algorithm applying the approx update scheme with 99.0 Energy.
2024-05-28 11:46:14 : INFO : PET.PIPT : Prior run complete with data misfit: 17.3.
2024-05-28 11:47:56 : INFO : PET.PIPT : ES update complete! Objective function decreased from 17.3 to 16.6.
2024-05-28 11:47:56 : INFO : PET.PIPT : Convergence was met. Obj. function reduced from 17.3 to 16.6
2024-05-28 11:48:02 : INFO : PET.PIPT : Starting a es run with the es algorithm applying the approx update scheme with 99.0 Energy.
2024-05-28 11:49:46 : INFO : PET.PIPT : Prior run complete with data misfit: 18.2.
2024-05-28 11:51:27 : INFO : PET.PIPT : ES update complete! Objective function decreased from 18.2 to 15.2.
2024-05-28 11:51:27 : INFO : PET.PIPT : Convergence was met. Obj. function reduced from 18.2 to 15.2
2024-05-28 11:51:34 : INFO : PET.PIPT : Starting a es run with the es algorithm applying the approx update scheme with 99.0 Energy.
2024-05-28 11:53:16 : INFO : PET.PIPT : Prior run complete with data misfit: 16.2.
2024-05-28 11:55:00 : INFO : PET.PIPT : ES update complete! Objective function decreased from 16.2 to 15.1.
2024-05-28 11:55:00 : INFO : PET.PIPT : Convergence was met. Obj. function reduced from 16.2 to 15.1
2024-05-28 11:55:06 : INFO : PET.PIPT : Starting a es run with the es algorithm applying the approx update scheme with 99.0 Energy.
2024-05-28 11:56:48 : INFO : PET.PIPT : Prior run complete with data misfit: 15.8.
2024-05-28 11:58:31 : INFO : PET.PIPT : ES update complete! Objective function increased from 15.8 to 17.3.
2024-05-28 11:58:31 : INFO : PET.PIPT : Convergence was met.
2024-05-28 11:58:37 : INFO : PET.PIPT : Starting a es run with the es algorithm applying the approx update scheme with 99.0 Energy.
2024-05-28 12:00:18 : INFO : PET.PIPT : Prior run complete with data misfit: 17.6.
2024-05-28 12:02:03 : INFO : PET.PIPT : ES update complete! Objective function decreased from 17.6 to 16.7.
2024-05-28 12:02:03 : INFO : PET.PIPT : Convergence was met. Obj. function reduced from 17.6 to 16.7
2024-05-28 12:02:10 : INFO : PET.PIPT : Starting a es run with the es algorithm applying the approx update scheme with 99.0 Energy.
2024-05-28 12:03:55 : INFO : PET.PIPT : Prior run complete with data misfit: 19.4.
2024-05-28 12:05:37 : INFO : PET.PIPT : ES update complete! Objective function decreased from 19.4 to 16.5.
2024-05-28 12:05:37 : INFO : PET.PIPT : Convergence was met. Obj. function reduced from 19.4 to 16.5
2024-05-28 12:05:43 : INFO : PET.PIPT : Starting a es run with the es algorithm applying the approx update scheme with 99.0 Energy.
2024-05-28 12:07:24 : INFO : PET.PIPT : Prior run complete with data misfit: 18.9.
2024-05-28 12:09:06 : INFO : PET.PIPT : ES update complete! Objective function decreased from 18.9 to 18.7.
2024-05-28 12:09:06 : INFO : PET.PIPT : Convergence was met. Obj. function reduced from 18.9 to 18.7
2024-05-28 12:09:12 : INFO : PET.PIPT : Starting a es run with the es algorithm applying the approx update scheme with 99.0 Energy.
2024-05-28 12:10:52 : INFO : PET.PIPT : Prior run complete with data misfit: 18.9.
2024-05-28 12:12:33 : INFO : PET.PIPT : ES update complete! Objective function decreased from 18.9 to 18.8.
2024-05-28 12:12:33 : INFO : PET.PIPT : Convergence was met. Obj. function reduced from 18.9 to 18.8
2024-05-28 12:12:39 : INFO : PET.PIPT : Starting a es run with the es algorithm applying the approx update scheme with 99.0 Energy.
2024-05-28 12:14:20 : INFO : PET.PIPT : Prior run complete with data misfit: 16.4.
2024-05-28 12:15:59 : INFO : PET.PIPT : ES update complete! Objective function increased from 16.4 to 16.5.
2024-05-28 12:15:59 : INFO : PET.PIPT : Convergence was met.
2024-05-28 12:16:05 : INFO : PET.PIPT : Starting a es run with the es algorithm applying the approx update scheme with 99.0 Energy.
2024-05-28 12:17:47 : INFO : PET.PIPT : Prior run complete with data misfit: 16.7.
2024-05-28 12:19:29 : INFO : PET.PIPT : ES update complete! Objective function decreased from 16.7 to 16.2.
2024-05-28 12:19:29 : INFO : PET.PIPT : Convergence was met. Obj. function reduced from 16.7 to 16.2
2024-05-28 12:19:35 : INFO : PET.PIPT : Starting a es run with the es algorithm applying the approx update scheme with 99.0 Energy.
2024-05-28 12:21:17 : INFO : PET.PIPT : Prior run complete with data misfit: 19.6.
2024-05-28 12:22:58 : INFO : PET.PIPT : ES update complete! Objective function decreased from 19.6 to 17.7.
2024-05-28 12:22:58 : INFO : PET.PIPT : Convergence was met. Obj. function reduced from 19.6 to 17.7
2024-05-28 12:23:03 : INFO : PET.PIPT : Starting a es run with the es algorithm applying the approx update scheme with 99.0 Energy.
2024-05-28 12:24:45 : INFO : PET.PIPT : Prior run complete with data misfit: 24.6.
2024-05-28 12:26:26 : INFO : PET.PIPT : ES update complete! Objective function decreased from 24.6 to 22.5.
2024-05-28 12:26:26 : INFO : PET.PIPT : Convergence was met. Obj. function reduced from 24.6 to 22.5
2024-05-28 12:26:31 : INFO : PET.PIPT : Starting a es run with the es algorithm applying the approx update scheme with 99.0 Energy.
2024-05-28 12:28:13 : INFO : PET.PIPT : Prior run complete with data misfit: 33.8.
2024-05-28 12:29:53 : INFO : PET.PIPT : ES update complete! Objective function decreased from 33.8 to 27.8.
2024-05-28 12:29:53 : INFO : PET.PIPT : Convergence was met. Obj. function reduced from 33.8 to 27.8
2024-05-28 12:29:59 : INFO : PET.PIPT : Starting a es run with the es algorithm applying the approx update scheme with 99.0 Energy.
2024-05-28 12:31:39 : INFO : PET.PIPT : Prior run complete with data misfit: 32.6.
2024-05-28 12:33:19 : INFO : PET.PIPT : ES update complete! Objective function decreased from 32.6 to 28.7.
2024-05-28 12:33:19 : INFO : PET.PIPT : Convergence was met. Obj. function reduced from 32.6 to 28.7
2024-05-28 12:33:24 : INFO : PET.PIPT : Starting a es run with the es algorithm applying the approx update scheme with 99.0 Energy.
2024-05-28 12:35:06 : INFO : PET.PIPT : Prior run complete with data misfit: 30.2.
2024-05-28 12:36:49 : INFO : PET.PIPT : ES update complete! Objective function decreased from 30.2 to 27.4.
2024-05-28 12:36:49 : INFO : PET.PIPT : Convergence was met. Obj. function reduced from 30.2 to 27.4
2024-05-28 12:36:55 : INFO : PET.PIPT : Starting a es run with the es algorithm applying the approx update scheme with 99.0 Energy.
2024-05-28 12:38:38 : INFO : PET.PIPT : Prior run complete with data misfit: 29.1.
2024-05-28 12:40:21 : INFO : PET.PIPT : ES update complete! Objective function decreased from 29.1 to 26.4.
2024-05-28 12:40:21 : INFO : PET.PIPT : Convergence was met. Obj. function reduced from 29.1 to 26.4
2024-05-28 12:40:27 : INFO : PET.PIPT : Starting a es run with the es algorithm applying the approx update scheme with 99.0 Energy.
2024-05-28 12:42:11 : INFO : PET.PIPT : Prior run complete with data misfit: 26.9.
2024-05-28 12:43:54 : INFO : PET.PIPT : ES update complete! Objective function decreased from 26.9 to 20.0.
2024-05-28 12:43:54 : INFO : PET.PIPT : Convergence was met. Obj. function reduced from 26.9 to 20.0
2024-05-28 12:43:59 : INFO : PET.PIPT : Starting a es run with the es algorithm applying the approx update scheme with 99.0 Energy.
2024-05-28 12:45:46 : INFO : PET.PIPT : Prior run complete with data misfit: 17.0.
2024-05-28 12:47:30 : INFO : PET.PIPT : ES update complete! Objective function decreased from 17.0 to 15.9.
2024-05-28 12:47:30 : INFO : PET.PIPT : Convergence was met. Obj. function reduced from 17.0 to 15.9
2024-05-28 12:47:36 : INFO : PET.PIPT : Starting a es run with the es algorithm applying the approx update scheme with 99.0 Energy.
2024-05-28 12:49:17 : INFO : PET.PIPT : Prior run complete with data misfit: 15.6.
2024-05-28 12:51:00 : INFO : PET.PIPT : ES update complete! Objective function decreased from 15.6 to 14.9.
2024-05-28 12:51:00 : INFO : PET.PIPT : Convergence was met. Obj. function reduced from 15.6 to 14.9
2024-05-28 12:51:05 : INFO : PET.PIPT : Starting a es run with the es algorithm applying the approx update scheme with 99.0 Energy.
2024-05-28 12:52:48 : INFO : PET.PIPT : Prior run complete with data misfit: 16.1.
2024-05-28 12:54:30 : INFO : PET.PIPT : ES update complete! Objective function decreased from 16.1 to 15.3.
2024-05-28 12:54:30 : INFO : PET.PIPT : Convergence was met. Obj. function reduced from 16.1 to 15.3
2024-05-28 12:54:35 : INFO : PET.PIPT : Starting a es run with the es algorithm applying the approx update scheme with 99.0 Energy.
2024-05-28 12:57:16 : INFO : PET.PIPT : Prior run complete with data misfit: 14.9.
2024-05-28 13:00:02 : INFO : PET.PIPT : ES update complete! Objective function increased from 14.9 to 15.9.
2024-05-28 13:00:02 : INFO : PET.PIPT : Convergence was met.
2024-05-28 13:00:24 : INFO : PET.PIPT : Starting a es run with the es algorithm applying the approx update scheme with 99.0 Energy.
2024-05-28 13:03:18 : INFO : PET.PIPT : Prior run complete with data misfit: 16.3.
2024-05-28 13:06:10 : INFO : PET.PIPT : ES update complete! Objective function decreased from 16.3 to 14.8.
2024-05-28 13:06:10 : INFO : PET.PIPT : Convergence was met. Obj. function reduced from 16.3 to 14.8
2024-05-28 13:06:26 : INFO : PET.PIPT : Starting a es run with the es algorithm applying the approx update scheme with 99.0 Energy.
2024-05-28 13:09:24 : INFO : PET.PIPT : Prior run complete with data misfit: 14.6.
2024-05-28 13:12:16 : INFO : PET.PIPT : ES update complete! Objective function decreased from 14.6 to 13.9.
2024-05-28 13:12:16 : INFO : PET.PIPT : Convergence was met. Obj. function reduced from 14.6 to 13.9
2024-05-28 13:12:31 : INFO : PET.PIPT : Starting a es run with the es algorithm applying the approx update scheme with 99.0 Energy.
2024-05-28 13:15:33 : INFO : PET.PIPT : Prior run complete with data misfit: 14.6.
2024-05-28 13:18:42 : INFO : PET.PIPT : ES update complete! Objective function decreased from 14.6 to 14.5.
2024-05-28 13:18:42 : INFO : PET.PIPT : Convergence was met. Obj. function reduced from 14.6 to 14.5
2024-05-28 13:19:13 : INFO : PET.PIPT : Starting a es run with the es algorithm applying the approx update scheme with 99.0 Energy.
2024-05-28 13:22:24 : INFO : PET.PIPT : Prior run complete with data misfit: 16.2.
2024-05-28 13:25:34 : INFO : PET.PIPT : ES update complete! Objective function decreased from 16.2 to 14.8.
2024-05-28 13:25:34 : INFO : PET.PIPT : Convergence was met. Obj. function reduced from 16.2 to 14.8
2024-05-28 13:26:02 : INFO : PET.PIPT : Starting a es run with the es algorithm applying the approx update scheme with 99.0 Energy.
2024-05-28 13:29:20 : INFO : PET.PIPT : Prior run complete with data misfit: 15.0.
2024-05-28 13:32:39 : INFO : PET.PIPT : ES update complete! Objective function decreased from 15.0 to 14.4.
2024-05-28 13:32:39 : INFO : PET.PIPT : Convergence was met. Obj. function reduced from 15.0 to 14.4
2024-05-28 13:33:12 : INFO : PET.PIPT : Starting a es run with the es algorithm applying the approx update scheme with 99.0 Energy.
2024-05-28 13:35:00 : INFO : PET.PIPT : Prior run complete with data misfit: 15.8.
2024-05-28 13:36:47 : INFO : PET.PIPT : ES update complete! Objective function decreased from 15.8 to 14.8.
2024-05-28 13:36:47 : INFO : PET.PIPT : Convergence was met. Obj. function reduced from 15.8 to 14.8
2024-05-28 13:36:51 : INFO : PET.PIPT : Starting a es run with the es algorithm applying the approx update scheme with 99.0 Energy.
2024-05-28 13:38:36 : INFO : PET.PIPT : Prior run complete with data misfit: 18.6.
2024-05-28 13:40:20 : INFO : PET.PIPT : ES update complete! Objective function decreased from 18.6 to 16.9.
2024-05-28 13:40:20 : INFO : PET.PIPT : Convergence was met. Obj. function reduced from 18.6 to 16.9
2024-05-28 13:40:25 : INFO : PET.PIPT : Starting a es run with the es algorithm applying the approx update scheme with 99.0 Energy.
2024-05-28 13:42:08 : INFO : PET.PIPT : Prior run complete with data misfit: 18.8.
2024-05-28 13:43:53 : INFO : PET.PIPT : ES update complete! Objective function decreased from 18.8 to 17.4.
2024-05-28 13:43:53 : INFO : PET.PIPT : Convergence was met. Obj. function reduced from 18.8 to 17.4
2024-05-28 13:43:58 : INFO : PET.PIPT : Starting a es run with the es algorithm applying the approx update scheme with 99.0 Energy.
2024-05-28 13:45:45 : INFO : PET.PIPT : Prior run complete with data misfit: 18.5.
2024-05-28 13:47:27 : INFO : PET.PIPT : ES update complete! Objective function decreased from 18.5 to 16.6.
2024-05-28 13:47:27 : INFO : PET.PIPT : Convergence was met. Obj. function reduced from 18.5 to 16.6
2024-05-28 13:47:31 : INFO : PET.PIPT : Starting a es run with the es algorithm applying the approx update scheme with 99.0 Energy.
2024-05-28 13:49:15 : INFO : PET.PIPT : Prior run complete with data misfit: 16.8.
2024-05-28 13:50:58 : INFO : PET.PIPT : ES update complete! Objective function decreased from 16.8 to 16.0.
2024-05-28 13:50:58 : INFO : PET.PIPT : Convergence was met. Obj. function reduced from 16.8 to 16.0
2024-05-28 13:51:02 : INFO : PET.PIPT : Starting a es run with the es algorithm applying the approx update scheme with 99.0 Energy.
2024-05-28 13:52:48 : INFO : PET.PIPT : Prior run complete with data misfit: 16.6.
2024-05-28 13:54:32 : INFO : PET.PIPT : ES update complete! Objective function decreased from 16.6 to 15.7.
2024-05-28 13:54:32 : INFO : PET.PIPT : Convergence was met. Obj. function reduced from 16.6 to 15.7
2024-05-28 13:54:36 : INFO : PET.PIPT : Starting a es run with the es algorithm applying the approx update scheme with 99.0 Energy.
2024-05-28 13:56:20 : INFO : PET.PIPT : Prior run complete with data misfit: 19.2.
2024-05-28 13:58:09 : INFO : PET.PIPT : ES update complete! Objective function decreased from 19.2 to 17.1.
2024-05-28 13:58:09 : INFO : PET.PIPT : Convergence was met. Obj. function reduced from 19.2 to 17.1
2024-05-28 13:58:13 : INFO : PET.PIPT : Starting a es run with the es algorithm applying the approx update scheme with 99.0 Energy.
2024-05-28 14:00:01 : INFO : PET.PIPT : Prior run complete with data misfit: 18.4.
2024-05-28 14:01:49 : INFO : PET.PIPT : ES update complete! Objective function decreased from 18.4 to 17.4.
2024-05-28 14:01:49 : INFO : PET.PIPT : Convergence was met. Obj. function reduced from 18.4 to 17.4
2024-05-28 14:01:53 : INFO : PET.PIPT : Starting a es run with the es algorithm applying the approx update scheme with 99.0 Energy.
2024-05-28 14:03:41 : INFO : PET.PIPT : Prior run complete with data misfit: 16.4.
2024-05-28 14:05:27 : INFO : PET.PIPT : ES update complete! Objective function decreased from 16.4 to 16.2.
2024-05-28 14:05:27 : INFO : PET.PIPT : Convergence was met. Obj. function reduced from 16.4 to 16.2
2024-05-28 14:05:31 : INFO : PET.PIPT : Starting a es run with the es algorithm applying the approx update scheme with 99.0 Energy.
2024-05-28 14:07:18 : INFO : PET.PIPT : Prior run complete with data misfit: 16.0.
2024-05-28 14:09:06 : INFO : PET.PIPT : ES update complete! Objective function increased from 16.0 to 16.2.
2024-05-28 14:09:06 : INFO : PET.PIPT : Convergence was met.
2024-05-28 14:09:10 : INFO : PET.PIPT : Starting a es run with the es algorithm applying the approx update scheme with 99.0 Energy.
2024-05-28 14:10:56 : INFO : PET.PIPT : Prior run complete with data misfit: 17.5.
2024-05-28 14:12:59 : INFO : PET.PIPT : ES update complete! Objective function decreased from 17.5 to 16.3.
2024-05-28 14:12:59 : INFO : PET.PIPT : Convergence was met. Obj. function reduced from 17.5 to 16.3
2024-05-28 14:13:03 : INFO : PET.PIPT : Starting a es run with the es algorithm applying the approx update scheme with 99.0 Energy.
2024-05-28 14:15:02 : INFO : PET.PIPT : Prior run complete with data misfit: 35.2.
2024-05-28 14:16:46 : INFO : PET.PIPT : ES update complete! Objective function decreased from 35.2 to 34.4.
2024-05-28 14:16:46 : INFO : PET.PIPT : Convergence was met. Obj. function reduced from 35.2 to 34.4
2024-05-28 14:16:50 : INFO : PET.PIPT : Starting a es run with the es algorithm applying the approx update scheme with 99.0 Energy.
2024-05-28 14:18:49 : INFO : PET.PIPT : Prior run complete with data misfit: 37.4.
2024-05-28 14:20:36 : INFO : PET.PIPT : ES update complete! Objective function decreased from 37.4 to 29.7.
2024-05-28 14:20:36 : INFO : PET.PIPT : Convergence was met. Obj. function reduced from 37.4 to 29.7
2024-05-28 14:20:40 : INFO : PET.PIPT : Starting a es run with the es algorithm applying the approx update scheme with 99.0 Energy.
2024-05-28 14:22:26 : INFO : PET.PIPT : Prior run complete with data misfit: 28.2.
2024-05-28 14:24:12 : INFO : PET.PIPT : ES update complete! Objective function increased from 28.2 to 28.8.
2024-05-28 14:24:12 : INFO : PET.PIPT : Convergence was met.
2024-05-28 14:24:15 : INFO : PET.PIPT : Starting a es run with the es algorithm applying the approx update scheme with 99.0 Energy.
2024-05-28 14:26:00 : INFO : PET.PIPT : Prior run complete with data misfit: 25.6.
2024-05-28 14:27:46 : INFO : PET.PIPT : ES update complete! Objective function decreased from 25.6 to 23.7.
2024-05-28 14:27:46 : INFO : PET.PIPT : Convergence was met. Obj. function reduced from 25.6 to 23.7
2024-05-28 14:27:50 : INFO : PET.PIPT : Starting a es run with the es algorithm applying the approx update scheme with 99.0 Energy.
2024-05-28 14:29:35 : INFO : PET.PIPT : Prior run complete with data misfit: 23.5.
2024-05-28 14:31:20 : INFO : PET.PIPT : ES update complete! Objective function decreased from 23.5 to 21.1.
2024-05-28 14:31:20 : INFO : PET.PIPT : Convergence was met. Obj. function reduced from 23.5 to 21.1
2024-05-28 14:31:24 : INFO : PET.PIPT : Starting a es run with the es algorithm applying the approx update scheme with 99.0 Energy.
2024-05-28 14:33:10 : INFO : PET.PIPT : Prior run complete with data misfit: 25.6.
2024-05-28 14:34:53 : INFO : PET.PIPT : ES update complete! Objective function decreased from 25.6 to 21.7.
2024-05-28 14:34:53 : INFO : PET.PIPT : Convergence was met. Obj. function reduced from 25.6 to 21.7
2024-05-28 14:34:56 : INFO : PET.PIPT : Starting a es run with the es algorithm applying the approx update scheme with 99.0 Energy.
2024-05-28 14:36:41 : INFO : PET.PIPT : Prior run complete with data misfit: 27.3.
2024-05-28 14:38:24 : INFO : PET.PIPT : ES update complete! Objective function decreased from 27.3 to 17.1.
2024-05-28 14:38:24 : INFO : PET.PIPT : Convergence was met. Obj. function reduced from 27.3 to 17.1
2024-05-28 14:38:28 : INFO : PET.PIPT : Starting a es run with the es algorithm applying the approx update scheme with 99.0 Energy.
2024-05-28 14:40:11 : INFO : PET.PIPT : Prior run complete with data misfit: 15.5.
2024-05-28 14:41:55 : INFO : PET.PIPT : ES update complete! Objective function decreased from 15.5 to 14.1.
2024-05-28 14:41:55 : INFO : PET.PIPT : Convergence was met. Obj. function reduced from 15.5 to 14.1
2024-05-28 14:41:58 : INFO : PET.PIPT : Starting a es run with the es algorithm applying the approx update scheme with 99.0 Energy.
2024-05-28 14:43:41 : INFO : PET.PIPT : Prior run complete with data misfit: 14.8.
2024-05-28 14:45:24 : INFO : PET.PIPT : ES update complete! Objective function decreased from 14.8 to 14.3.
2024-05-28 14:45:24 : INFO : PET.PIPT : Convergence was met. Obj. function reduced from 14.8 to 14.3
2024-05-28 14:45:28 : INFO : PET.PIPT : Starting a es run with the es algorithm applying the approx update scheme with 99.0 Energy.
2024-05-28 14:47:11 : INFO : PET.PIPT : Prior run complete with data misfit: 13.4.
2024-05-28 14:48:54 : INFO : PET.PIPT : ES update complete! Objective function decreased from 13.4 to 13.2.
2024-05-28 14:48:54 : INFO : PET.PIPT : Convergence was met. Obj. function reduced from 13.4 to 13.2
2024-05-28 14:48:57 : INFO : PET.PIPT : Starting a es run with the es algorithm applying the approx update scheme with 99.0 Energy.
2024-05-28 14:50:40 : INFO : PET.PIPT : Prior run complete with data misfit: 15.0.
2024-05-28 14:52:23 : INFO : PET.PIPT : ES update complete! Objective function decreased from 15.0 to 14.8.
2024-05-28 14:52:23 : INFO : PET.PIPT : Convergence was met. Obj. function reduced from 15.0 to 14.8
2024-05-28 14:52:26 : INFO : PET.PIPT : Starting a es run with the es algorithm applying the approx update scheme with 99.0 Energy.
2024-05-28 14:54:07 : INFO : PET.PIPT : Prior run complete with data misfit: 14.3.
2024-05-28 14:55:50 : INFO : PET.PIPT : ES update complete! Objective function decreased from 14.3 to 14.1.
2024-05-28 14:55:50 : INFO : PET.PIPT : Convergence was met. Obj. function reduced from 14.3 to 14.1
2024-05-28 14:55:53 : INFO : PET.PIPT : Starting a es run with the es algorithm applying the approx update scheme with 99.0 Energy.
2024-05-28 14:57:34 : INFO : PET.PIPT : Prior run complete with data misfit: 13.5.
2024-05-28 14:59:19 : INFO : PET.PIPT : ES update complete! Objective function increased from 13.5 to 13.5.
2024-05-28 14:59:19 : INFO : PET.PIPT : Convergence was met.
2024-05-28 14:59:22 : INFO : PET.PIPT : Starting a es run with the es algorithm applying the approx update scheme with 99.0 Energy.
2024-05-28 15:01:11 : INFO : PET.PIPT : Prior run complete with data misfit: 14.3.
2024-05-28 15:02:58 : INFO : PET.PIPT : ES update complete! Objective function decreased from 14.3 to 14.2.
2024-05-28 15:02:58 : INFO : PET.PIPT : Convergence was met. Obj. function reduced from 14.3 to 14.2
2024-05-28 15:03:01 : INFO : PET.PIPT : Starting a es run with the es algorithm applying the approx update scheme with 99.0 Energy.
2024-05-28 15:04:49 : INFO : PET.PIPT : Prior run complete with data misfit: 12.6.
2024-05-28 15:06:36 : INFO : PET.PIPT : ES update complete! Objective function decreased from 12.6 to 12.5.
2024-05-28 15:06:36 : INFO : PET.PIPT : Convergence was met. Obj. function reduced from 12.6 to 12.5
2024-05-28 15:06:39 : INFO : PET.PIPT : Starting a es run with the es algorithm applying the approx update scheme with 99.0 Energy.
2024-05-28 15:08:26 : INFO : PET.PIPT : Prior run complete with data misfit: 13.7.
2024-05-28 15:10:13 : INFO : PET.PIPT : ES update complete! Objective function decreased from 13.7 to 13.6.
2024-05-28 15:10:13 : INFO : PET.PIPT : Convergence was met. Obj. function reduced from 13.7 to 13.6
2024-05-28 15:10:15 : INFO : PET.PIPT : Starting a es run with the es algorithm applying the approx update scheme with 99.0 Energy.
2024-05-28 15:12:01 : INFO : PET.PIPT : Prior run complete with data misfit: 14.6.
2024-05-28 15:13:47 : INFO : PET.PIPT : ES update complete! Objective function decreased from 14.6 to 13.6.
2024-05-28 15:13:47 : INFO : PET.PIPT : Convergence was met. Obj. function reduced from 14.6 to 13.6
2024-05-28 15:13:50 : INFO : PET.PIPT : Starting a es run with the es algorithm applying the approx update scheme with 99.0 Energy.
2024-05-28 15:15:37 : INFO : PET.PIPT : Prior run complete with data misfit: 13.3.
2024-05-28 15:17:23 : INFO : PET.PIPT : ES update complete! Objective function decreased from 13.3 to 13.3.
2024-05-28 15:17:23 : INFO : PET.PIPT : Convergence was met. Obj. function reduced from 13.3 to 13.3
2024-05-28 15:17:25 : INFO : PET.PIPT : Starting a es run with the es algorithm applying the approx update scheme with 99.0 Energy.
2024-05-28 15:19:12 : INFO : PET.PIPT : Prior run complete with data misfit: 13.9.
2024-05-28 15:21:00 : INFO : PET.PIPT : ES update complete! Objective function decreased from 13.9 to 13.7.
2024-05-28 15:21:00 : INFO : PET.PIPT : Convergence was met. Obj. function reduced from 13.9 to 13.7
2024-05-28 15:21:02 : INFO : PET.PIPT : Starting a es run with the es algorithm applying the approx update scheme with 99.0 Energy.
2024-05-28 15:22:51 : INFO : PET.PIPT : Prior run complete with data misfit: 14.1.
2024-05-28 15:24:36 : INFO : PET.PIPT : ES update complete! Objective function decreased from 14.1 to 13.4.
2024-05-28 15:24:36 : INFO : PET.PIPT : Convergence was met. Obj. function reduced from 14.1 to 13.4
2024-05-28 15:24:39 : INFO : PET.PIPT : Starting a es run with the es algorithm applying the approx update scheme with 99.0 Energy.
2024-05-28 15:26:23 : INFO : PET.PIPT : Prior run complete with data misfit: 14.3.
2024-05-28 15:28:10 : INFO : PET.PIPT : ES update complete! Objective function decreased from 14.3 to 13.2.
2024-05-28 15:28:10 : INFO : PET.PIPT : Convergence was met. Obj. function reduced from 14.3 to 13.2
2024-05-28 15:28:12 : INFO : PET.PIPT : Starting a es run with the es algorithm applying the approx update scheme with 99.0 Energy.
2024-05-28 15:29:57 : INFO : PET.PIPT : Prior run complete with data misfit: 14.1.
2024-05-28 15:31:42 : INFO : PET.PIPT : ES update complete! Objective function increased from 14.1 to 14.2.
2024-05-28 15:31:42 : INFO : PET.PIPT : Convergence was met.
2024-05-28 15:31:44 : INFO : PET.PIPT : Starting a es run with the es algorithm applying the approx update scheme with 99.0 Energy.
2024-05-28 15:33:31 : INFO : PET.PIPT : Prior run complete with data misfit: 15.5.
2024-05-28 15:35:19 : INFO : PET.PIPT : ES update complete! Objective function decreased from 15.5 to 13.7.
2024-05-28 15:35:19 : INFO : PET.PIPT : Convergence was met. Obj. function reduced from 15.5 to 13.7
2024-05-28 15:35:22 : INFO : PET.PIPT : Starting a es run with the es algorithm applying the approx update scheme with 99.0 Energy.
2024-05-28 15:37:07 : INFO : PET.PIPT : Prior run complete with data misfit: 15.3.
2024-05-28 15:38:53 : INFO : PET.PIPT : ES update complete! Objective function decreased from 15.3 to 14.6.
2024-05-28 15:38:53 : INFO : PET.PIPT : Convergence was met. Obj. function reduced from 15.3 to 14.6
